<?xml version="1.0" encoding="UTF-8"?>
<testng-results skipped="0" failed="0" total="1" passed="1">
  <reporter-output>
  </reporter-output>
  <suite name="Surefire suite" duration-ms="250" started-at="2021-01-17T19:32:15Z" finished-at="2021-01-17T19:32:16Z">
    <groups>
    </groups>
    <test name="Surefire test" duration-ms="250" started-at="2021-01-17T19:32:15Z" finished-at="2021-01-17T19:32:16Z">
      <class name="UniversalAPPMaven.UniversalAppMaven.AppTest">
        <test-method status="PASS" signature="shouldAnswerWithTrue()[pri:0, instance:shouldAnswerWithTrue(UniversalAPPMaven.UniversalAppMaven.AppTest)]" name="shouldAnswerWithTrue" duration-ms="5" started-at="2021-01-17T21:32:16Z" finished-at="2021-01-17T21:32:16Z">
          <reporter-output>
          </reporter-output>
        </test-method> <!-- shouldAnswerWithTrue -->
      </class> <!-- UniversalAPPMaven.UniversalAppMaven.AppTest -->
    </test> <!-- Surefire test -->
  </suite> <!-- Surefire suite -->
</testng-results>
