<?xml version="1.0" encoding="UTF-8"?>
<testng-results skipped="1" failed="0" total="1" passed="0">
  <reporter-output>
  </reporter-output>
  <suite name="Surefire suite" duration-ms="393" started-at="2021-01-17T19:32:14Z" finished-at="2021-01-17T19:32:14Z">
    <groups>
    </groups>
    <test name="Surefire test" duration-ms="393" started-at="2021-01-17T19:32:14Z" finished-at="2021-01-17T19:32:14Z">
      <class name="UniversalAPPMaven.UniversalAppMaven.HomePageTest">
        <test-method status="FAIL" signature="Initialize()[pri:0, instance:UniversalAPPMaven.UniversalAppMaven.HomePageTest@1604f19]" name="Initialize" is-config="true" duration-ms="0" started-at="2021-01-17T21:32:14Z" finished-at="2021-01-17T21:32:14Z">
          <exception class="java.lang.IllegalArgumentException">
            <message>
              <![CDATA[Malformed \uxxxx encoding.]]>
            </message>
            <full-stacktrace>
              <![CDATA[java.lang.IllegalArgumentException: Malformed \uxxxx encoding.
	at java.util.Properties.loadConvert(Properties.java:574)
	at java.util.Properties.load0(Properties.java:391)
	at java.util.Properties.load(Properties.java:341)
	at UniversalAPPMaven.UniversalAppMaven.Base.Capabilities(Base.java:21)
	at UniversalAPPMaven.UniversalAppMaven.HomePageTest.Initialize(HomePageTest.java:21)
	at sun.reflect.NativeMethodAccessorImpl.invoke0(Native Method)
	at sun.reflect.NativeMethodAccessorImpl.invoke(NativeMethodAccessorImpl.java:62)
	at sun.reflect.DelegatingMethodAccessorImpl.invoke(DelegatingMethodAccessorImpl.java:43)
	at java.lang.reflect.Method.invoke(Method.java:498)
	at org.testng.internal.MethodInvocationHelper.invokeMethod(MethodInvocationHelper.java:80)
	at org.testng.internal.Invoker.invokeConfigurationMethod(Invoker.java:564)
	at org.testng.internal.Invoker.invokeConfigurations(Invoker.java:213)
	at org.testng.internal.Invoker.invokeConfigurations(Invoker.java:138)
	at org.testng.TestRunner.beforeRun(TestRunner.java:641)
	at org.testng.TestRunner.run(TestRunner.java:609)
	at org.testng.SuiteRunner.runTest(SuiteRunner.java:334)
	at org.testng.SuiteRunner.runSequentially(SuiteRunner.java:329)
	at org.testng.SuiteRunner.privateRun(SuiteRunner.java:291)
	at org.testng.SuiteRunner.run(SuiteRunner.java:240)
	at org.testng.SuiteRunnerWorker.runSuite(SuiteRunnerWorker.java:52)
	at org.testng.SuiteRunnerWorker.run(SuiteRunnerWorker.java:86)
	at org.testng.TestNG.runSuitesSequentially(TestNG.java:1198)
	at org.testng.TestNG.runSuitesLocally(TestNG.java:1123)
	at org.testng.TestNG.run(TestNG.java:1031)
	at org.apache.maven.surefire.testng.TestNGExecutor.run(TestNGExecutor.java:135)
	at org.apache.maven.surefire.testng.TestNGDirectoryTestSuite.executeMulti(TestNGDirectoryTestSuite.java:193)
	at org.apache.maven.surefire.testng.TestNGDirectoryTestSuite.execute(TestNGDirectoryTestSuite.java:94)
	at org.apache.maven.surefire.testng.TestNGProvider.invoke(TestNGProvider.java:146)
	at org.apache.maven.surefire.booter.ForkedBooter.invokeProviderInSameClassLoader(ForkedBooter.java:384)
	at org.apache.maven.surefire.booter.ForkedBooter.runSuitesInProcess(ForkedBooter.java:345)
	at org.apache.maven.surefire.booter.ForkedBooter.execute(ForkedBooter.java:126)
	at org.apache.maven.surefire.booter.ForkedBooter.main(ForkedBooter.java:418)
]]>
            </full-stacktrace>
          </exception> <!-- java.lang.IllegalArgumentException -->
          <reporter-output>
          </reporter-output>
        </test-method> <!-- Initialize -->
        <test-method status="SKIP" signature="PlayRockSong()[pri:0, instance:UniversalAPPMaven.UniversalAppMaven.HomePageTest@1604f19]" name="PlayRockSong" duration-ms="3" started-at="2021-01-17T21:32:14Z" finished-at="2021-01-17T21:32:14Z">
          <reporter-output>
          </reporter-output>
        </test-method> <!-- PlayRockSong -->
        <test-method status="SKIP" signature="closeTest()[pri:0, instance:UniversalAPPMaven.UniversalAppMaven.HomePageTest@1604f19]" name="closeTest" is-config="true" duration-ms="0" started-at="2021-01-17T21:32:14Z" finished-at="2021-01-17T21:32:14Z">
          <reporter-output>
          </reporter-output>
        </test-method> <!-- closeTest -->
      </class> <!-- UniversalAPPMaven.UniversalAppMaven.HomePageTest -->
    </test> <!-- Surefire test -->
  </suite> <!-- Surefire suite -->
</testng-results>
